Command: vcs -sverilog -ntb_opts uvm-1.1 -timescale=1ns/1ns +ntb_random_seed=value \
+incdir+../package +incdir+../test +incdir+../top msgs_top.sv -l msgs_compile.log \

                         Chronologic VCS (TM)
           Version I-2014.03-2 -- Sun Oct  1 02:36:35 2017
               Copyright (c) 1991-2014 by Synopsys Inc.
                         ALL RIGHTS RESERVED

This program is proprietary and confidential information of Synopsys Inc.
and may be used and disclosed only as authorized in a license agreement
controlling such use and disclosure.


Warning-[UNK_COMP_ARG] Unknown compile time plus argument used
  Unknown compile time plus argument 'ntb_random_seed=value' is ignored.

 + use `+plusarg_save' to bind in runtime plusargs;
 + use `+plusarg_ignore' to suppress this message.
Parsing design file '/apps/synopsys/VCSMX_NEW/etc/uvm-1.1/uvm_pkg.sv'
Parsing included file '/apps/synopsys/VCSMX_NEW/etc/uvm-1.1/uvm_macros.svh'.
Parsing included file '/apps/synopsys/VCSMX_NEW/etc/uvm-1.1/macros/uvm_version_defines.svh'.
Back to file '/apps/synopsys/VCSMX_NEW/etc/uvm-1.1/uvm_macros.svh'.
Parsing included file '/apps/synopsys/VCSMX_NEW/etc/uvm-1.1/macros/uvm_message_defines.svh'.
Back to file '/apps/synopsys/VCSMX_NEW/etc/uvm-1.1/uvm_macros.svh'.
Parsing included file '/apps/synopsys/VCSMX_NEW/etc/uvm-1.1/macros/uvm_phase_defines.svh'.
Back to file '/apps/synopsys/VCSMX_NEW/etc/uvm-1.1/uvm_macros.svh'.
Parsing included file '/apps/synopsys/VCSMX_NEW/etc/uvm-1.1/macros/uvm_object_defines.svh'.
Back to file '/apps/synopsys/VCSMX_NEW/etc/uvm-1.1/uvm_macros.svh'.
Parsing included file '/apps/synopsys/VCSMX_NEW/etc/uvm-1.1/macros/uvm_printer_defines.svh'.
Back to file '/apps/synopsys/VCSMX_NEW/etc/uvm-1.1/uvm_macros.svh'.
Parsing included file '/apps/synopsys/VCSMX_NEW/etc/uvm-1.1/macros/uvm_tlm_defines.svh'.
Parsing included file '/apps/synopsys/VCSMX_NEW/etc/uvm-1.1/tlm1/uvm_tlm_imps.svh'.
Back to file '/apps/synopsys/VCSMX_NEW/etc/uvm-1.1/macros/uvm_tlm_defines.svh'.
Back to file '/apps/synopsys/VCSMX_NEW/etc/uvm-1.1/uvm_macros.svh'.
Parsing included file '/apps/synopsys/VCSMX_NEW/etc/uvm-1.1/macros/uvm_sequence_defines.svh'.
Back to file '/apps/synopsys/VCSMX_NEW/etc/uvm-1.1/uvm_macros.svh'.
Parsing included file '/apps/synopsys/VCSMX_NEW/etc/uvm-1.1/macros/uvm_callback_defines.svh'.
Back to file '/apps/synopsys/VCSMX_NEW/etc/uvm-1.1/uvm_macros.svh'.
Parsing included file '/apps/synopsys/VCSMX_NEW/etc/uvm-1.1/macros/uvm_reg_defines.svh'.
Back to file '/apps/synopsys/VCSMX_NEW/etc/uvm-1.1/uvm_macros.svh'.
Parsing included file '/apps/synopsys/VCSMX_NEW/etc/uvm-1.1/macros/uvm_deprecated_defines.svh'.
Back to file '/apps/synopsys/VCSMX_NEW/etc/uvm-1.1/uvm_macros.svh'.
Back to file '/apps/synopsys/VCSMX_NEW/etc/uvm-1.1/uvm_pkg.sv'.
Parsing included file '/apps/synopsys/VCSMX_NEW/etc/uvm-1.1/dpi/uvm_dpi.svh'.
Parsing included file '/apps/synopsys/VCSMX_NEW/etc/uvm-1.1/dpi/uvm_hdl.svh'.
Back to file '/apps/synopsys/VCSMX_NEW/etc/uvm-1.1/dpi/uvm_dpi.svh'.
Parsing included file '/apps/synopsys/VCSMX_NEW/etc/uvm-1.1/dpi/uvm_svcmd_dpi.svh'.
Back to file '/apps/synopsys/VCSMX_NEW/etc/uvm-1.1/dpi/uvm_dpi.svh'.
Parsing included file '/apps/synopsys/VCSMX_NEW/etc/uvm-1.1/dpi/uvm_regex.svh'.
Back to file '/apps/synopsys/VCSMX_NEW/etc/uvm-1.1/dpi/uvm_dpi.svh'.
Back to file '/apps/synopsys/VCSMX_NEW/etc/uvm-1.1/uvm_pkg.sv'.
Parsing included file '/apps/synopsys/VCSMX_NEW/etc/uvm-1.1/base/uvm_base.svh'.
Parsing included file '/apps/synopsys/VCSMX_NEW/etc/uvm-1.1/base/uvm_version.svh'.
Back to file '/apps/synopsys/VCSMX_NEW/etc/uvm-1.1/base/uvm_base.svh'.
Parsing included file '/apps/synopsys/VCSMX_NEW/etc/uvm-1.1/base/uvm_object_globals.svh'.
Back to file '/apps/synopsys/VCSMX_NEW/etc/uvm-1.1/base/uvm_base.svh'.
Parsing included file '/apps/synopsys/VCSMX_NEW/etc/uvm-1.1/base/uvm_misc.svh'.
Back to file '/apps/synopsys/VCSMX_NEW/etc/uvm-1.1/base/uvm_base.svh'.
Parsing included file '/apps/synopsys/VCSMX_NEW/etc/uvm-1.1/base/uvm_object.svh'.
Back to file '/apps/synopsys/VCSMX_NEW/etc/uvm-1.1/base/uvm_base.svh'.
Parsing included file '/apps/synopsys/VCSMX_NEW/etc/uvm-1.1/base/uvm_pool.svh'.
Back to file '/apps/synopsys/VCSMX_NEW/etc/uvm-1.1/base/uvm_base.svh'.
Parsing included file '/apps/synopsys/VCSMX_NEW/etc/uvm-1.1/base/uvm_queue.svh'.
Back to file '/apps/synopsys/VCSMX_NEW/etc/uvm-1.1/base/uvm_base.svh'.
Parsing included file '/apps/synopsys/VCSMX_NEW/etc/uvm-1.1/base/uvm_factory.svh'.
Back to file '/apps/synopsys/VCSMX_NEW/etc/uvm-1.1/base/uvm_base.svh'.
Parsing included file '/apps/synopsys/VCSMX_NEW/etc/uvm-1.1/base/uvm_registry.svh'.
Back to file '/apps/synopsys/VCSMX_NEW/etc/uvm-1.1/base/uvm_base.svh'.
Parsing included file '/apps/synopsys/VCSMX_NEW/etc/uvm-1.1/base/uvm_spell_chkr.svh'.
Back to file '/apps/synopsys/VCSMX_NEW/etc/uvm-1.1/base/uvm_base.svh'.
Parsing included file '/apps/synopsys/VCSMX_NEW/etc/uvm-1.1/base/uvm_resource.svh'.
Back to file '/apps/synopsys/VCSMX_NEW/etc/uvm-1.1/base/uvm_base.svh'.
Parsing included file '/apps/synopsys/VCSMX_NEW/etc/uvm-1.1/deprecated/uvm_resource_converter.svh'.
Back to file '/apps/synopsys/VCSMX_NEW/etc/uvm-1.1/base/uvm_base.svh'.
Parsing included file '/apps/synopsys/VCSMX_NEW/etc/uvm-1.1/base/uvm_resource_specializations.svh'.
Back to file '/apps/synopsys/VCSMX_NEW/etc/uvm-1.1/base/uvm_base.svh'.
Parsing included file '/apps/synopsys/VCSMX_NEW/etc/uvm-1.1/base/uvm_resource_db.svh'.
Back to file '/apps/synopsys/VCSMX_NEW/etc/uvm-1.1/base/uvm_base.svh'.
Parsing included file '/apps/synopsys/VCSMX_NEW/etc/uvm-1.1/base/uvm_config_db.svh'.
Back to file '/apps/synopsys/VCSMX_NEW/etc/uvm-1.1/base/uvm_base.svh'.
Parsing included file '/apps/synopsys/VCSMX_NEW/etc/uvm-1.1/base/uvm_printer.svh'.
Back to file '/apps/synopsys/VCSMX_NEW/etc/uvm-1.1/base/uvm_base.svh'.
Parsing included file '/apps/synopsys/VCSMX_NEW/etc/uvm-1.1/base/uvm_comparer.svh'.
Back to file '/apps/synopsys/VCSMX_NEW/etc/uvm-1.1/base/uvm_base.svh'.
Parsing included file '/apps/synopsys/VCSMX_NEW/etc/uvm-1.1/base/uvm_packer.svh'.
Back to file '/apps/synopsys/VCSMX_NEW/etc/uvm-1.1/base/uvm_base.svh'.
Parsing included file '/apps/synopsys/VCSMX_NEW/etc/uvm-1.1/base/uvm_recorder.svh'.
Back to file '/apps/synopsys/VCSMX_NEW/etc/uvm-1.1/base/uvm_base.svh'.
Parsing included file '/apps/synopsys/VCSMX_NEW/etc/uvm-1.1/base/uvm_event_callback.svh'.
Back to file '/apps/synopsys/VCSMX_NEW/etc/uvm-1.1/base/uvm_base.svh'.
Parsing included file '/apps/synopsys/VCSMX_NEW/etc/uvm-1.1/base/uvm_event.svh'.
Back to file '/apps/synopsys/VCSMX_NEW/etc/uvm-1.1/base/uvm_base.svh'.
Parsing included file '/apps/synopsys/VCSMX_NEW/etc/uvm-1.1/base/uvm_barrier.svh'.
Back to file '/apps/synopsys/VCSMX_NEW/etc/uvm-1.1/base/uvm_base.svh'.
Parsing included file '/apps/synopsys/VCSMX_NEW/etc/uvm-1.1/base/uvm_callback.svh'.
Parsing included file '/apps/synopsys/VCSMX_NEW/etc/uvm-1.1/uvm_macros.svh'.
Back to file '/apps/synopsys/VCSMX_NEW/etc/uvm-1.1/base/uvm_callback.svh'.
Back to file '/apps/synopsys/VCSMX_NEW/etc/uvm-1.1/base/uvm_base.svh'.
Parsing included file '/apps/synopsys/VCSMX_NEW/etc/uvm-1.1/base/uvm_report_catcher.svh'.
Back to file '/apps/synopsys/VCSMX_NEW/etc/uvm-1.1/base/uvm_base.svh'.
Parsing included file '/apps/synopsys/VCSMX_NEW/etc/uvm-1.1/base/uvm_report_server.svh'.
Back to file '/apps/synopsys/VCSMX_NEW/etc/uvm-1.1/base/uvm_base.svh'.
Parsing included file '/apps/synopsys/VCSMX_NEW/etc/uvm-1.1/base/uvm_report_handler.svh'.
Back to file '/apps/synopsys/VCSMX_NEW/etc/uvm-1.1/base/uvm_base.svh'.
Parsing included file '/apps/synopsys/VCSMX_NEW/etc/uvm-1.1/base/uvm_report_object.svh'.
Back to file '/apps/synopsys/VCSMX_NEW/etc/uvm-1.1/base/uvm_base.svh'.
Parsing included file '/apps/synopsys/VCSMX_NEW/etc/uvm-1.1/base/uvm_transaction.svh'.
Back to file '/apps/synopsys/VCSMX_NEW/etc/uvm-1.1/base/uvm_base.svh'.
Parsing included file '/apps/synopsys/VCSMX_NEW/etc/uvm-1.1/base/uvm_phase.svh'.
Back to file '/apps/synopsys/VCSMX_NEW/etc/uvm-1.1/base/uvm_base.svh'.
Parsing included file '/apps/synopsys/VCSMX_NEW/etc/uvm-1.1/base/uvm_domain.svh'.
Back to file '/apps/synopsys/VCSMX_NEW/etc/uvm-1.1/base/uvm_base.svh'.
Parsing included file '/apps/synopsys/VCSMX_NEW/etc/uvm-1.1/base/uvm_bottomup_phase.svh'.
Back to file '/apps/synopsys/VCSMX_NEW/etc/uvm-1.1/base/uvm_base.svh'.
Parsing included file '/apps/synopsys/VCSMX_NEW/etc/uvm-1.1/base/uvm_topdown_phase.svh'.
Back to file '/apps/synopsys/VCSMX_NEW/etc/uvm-1.1/base/uvm_base.svh'.
Parsing included file '/apps/synopsys/VCSMX_NEW/etc/uvm-1.1/base/uvm_task_phase.svh'.
Back to file '/apps/synopsys/VCSMX_NEW/etc/uvm-1.1/base/uvm_base.svh'.
Parsing included file '/apps/synopsys/VCSMX_NEW/etc/uvm-1.1/base/uvm_common_phases.svh'.
Back to file '/apps/synopsys/VCSMX_NEW/etc/uvm-1.1/base/uvm_base.svh'.
Parsing included file '/apps/synopsys/VCSMX_NEW/etc/uvm-1.1/base/uvm_runtime_phases.svh'.
Back to file '/apps/synopsys/VCSMX_NEW/etc/uvm-1.1/base/uvm_base.svh'.
Parsing included file '/apps/synopsys/VCSMX_NEW/etc/uvm-1.1/base/uvm_component.svh'.
Parsing included file '/apps/synopsys/VCSMX_NEW/etc/uvm-1.1/base/uvm_root.svh'.
Back to file '/apps/synopsys/VCSMX_NEW/etc/uvm-1.1/base/uvm_component.svh'.
Back to file '/apps/synopsys/VCSMX_NEW/etc/uvm-1.1/base/uvm_base.svh'.
Parsing included file '/apps/synopsys/VCSMX_NEW/etc/uvm-1.1/base/uvm_objection.svh'.
Back to file '/apps/synopsys/VCSMX_NEW/etc/uvm-1.1/base/uvm_base.svh'.
Parsing included file '/apps/synopsys/VCSMX_NEW/etc/uvm-1.1/base/uvm_heartbeat.svh'.
Back to file '/apps/synopsys/VCSMX_NEW/etc/uvm-1.1/base/uvm_base.svh'.
Parsing included file '/apps/synopsys/VCSMX_NEW/etc/uvm-1.1/base/uvm_globals.svh'.
Back to file '/apps/synopsys/VCSMX_NEW/etc/uvm-1.1/base/uvm_base.svh'.
Parsing included file '/apps/synopsys/VCSMX_NEW/etc/uvm-1.1/base/uvm_cmdline_processor.svh'.
Back to file '/apps/synopsys/VCSMX_NEW/etc/uvm-1.1/base/uvm_base.svh'.
Back to file '/apps/synopsys/VCSMX_NEW/etc/uvm-1.1/uvm_pkg.sv'.
Parsing included file '/apps/synopsys/VCSMX_NEW/etc/uvm-1.1/tlm1/uvm_tlm.svh'.
Parsing included file '/apps/synopsys/VCSMX_NEW/etc/uvm-1.1/tlm1/uvm_tlm_ifs.svh'.
Back to file '/apps/synopsys/VCSMX_NEW/etc/uvm-1.1/tlm1/uvm_tlm.svh'.
Parsing included file '/apps/synopsys/VCSMX_NEW/etc/uvm-1.1/tlm1/uvm_sqr_ifs.svh'.
Back to file '/apps/synopsys/VCSMX_NEW/etc/uvm-1.1/tlm1/uvm_tlm.svh'.
Parsing included file '/apps/synopsys/VCSMX_NEW/etc/uvm-1.1/base/uvm_port_base.svh'.
Back to file '/apps/synopsys/VCSMX_NEW/etc/uvm-1.1/tlm1/uvm_tlm.svh'.
Parsing included file '/apps/synopsys/VCSMX_NEW/etc/uvm-1.1/tlm1/uvm_tlm_imps.svh'.
Back to file '/apps/synopsys/VCSMX_NEW/etc/uvm-1.1/tlm1/uvm_tlm.svh'.
Parsing included file '/apps/synopsys/VCSMX_NEW/etc/uvm-1.1/tlm1/uvm_imps.svh'.
Back to file '/apps/synopsys/VCSMX_NEW/etc/uvm-1.1/tlm1/uvm_tlm.svh'.
Parsing included file '/apps/synopsys/VCSMX_NEW/etc/uvm-1.1/tlm1/uvm_ports.svh'.
Back to file '/apps/synopsys/VCSMX_NEW/etc/uvm-1.1/tlm1/uvm_tlm.svh'.
Parsing included file '/apps/synopsys/VCSMX_NEW/etc/uvm-1.1/tlm1/uvm_exports.svh'.
Back to file '/apps/synopsys/VCSMX_NEW/etc/uvm-1.1/tlm1/uvm_tlm.svh'.
Parsing included file '/apps/synopsys/VCSMX_NEW/etc/uvm-1.1/tlm1/uvm_analysis_port.svh'.
Back to file '/apps/synopsys/VCSMX_NEW/etc/uvm-1.1/tlm1/uvm_tlm.svh'.
Parsing included file '/apps/synopsys/VCSMX_NEW/etc/uvm-1.1/tlm1/uvm_tlm_fifo_base.svh'.
Back to file '/apps/synopsys/VCSMX_NEW/etc/uvm-1.1/tlm1/uvm_tlm.svh'.
Parsing included file '/apps/synopsys/VCSMX_NEW/etc/uvm-1.1/tlm1/uvm_tlm_fifos.svh'.
Back to file '/apps/synopsys/VCSMX_NEW/etc/uvm-1.1/tlm1/uvm_tlm.svh'.
Parsing included file '/apps/synopsys/VCSMX_NEW/etc/uvm-1.1/tlm1/uvm_tlm_req_rsp.svh'.
Back to file '/apps/synopsys/VCSMX_NEW/etc/uvm-1.1/tlm1/uvm_tlm.svh'.
Parsing included file '/apps/synopsys/VCSMX_NEW/etc/uvm-1.1/tlm1/uvm_sqr_connections.svh'.
Back to file '/apps/synopsys/VCSMX_NEW/etc/uvm-1.1/tlm1/uvm_tlm.svh'.
Back to file '/apps/synopsys/VCSMX_NEW/etc/uvm-1.1/uvm_pkg.sv'.
Parsing included file '/apps/synopsys/VCSMX_NEW/etc/uvm-1.1/comps/uvm_comps.svh'.
Parsing included file '/apps/synopsys/VCSMX_NEW/etc/uvm-1.1/comps/uvm_pair.svh'.
Back to file '/apps/synopsys/VCSMX_NEW/etc/uvm-1.1/comps/uvm_comps.svh'.
Parsing included file '/apps/synopsys/VCSMX_NEW/etc/uvm-1.1/comps/uvm_policies.svh'.
Back to file '/apps/synopsys/VCSMX_NEW/etc/uvm-1.1/comps/uvm_comps.svh'.
Parsing included file '/apps/synopsys/VCSMX_NEW/etc/uvm-1.1/comps/uvm_in_order_comparator.svh'.
Back to file '/apps/synopsys/VCSMX_NEW/etc/uvm-1.1/comps/uvm_comps.svh'.
Parsing included file '/apps/synopsys/VCSMX_NEW/etc/uvm-1.1/comps/uvm_algorithmic_comparator.svh'.
Back to file '/apps/synopsys/VCSMX_NEW/etc/uvm-1.1/comps/uvm_comps.svh'.
Parsing included file '/apps/synopsys/VCSMX_NEW/etc/uvm-1.1/comps/uvm_random_stimulus.svh'.
Back to file '/apps/synopsys/VCSMX_NEW/etc/uvm-1.1/comps/uvm_comps.svh'.
Parsing included file '/apps/synopsys/VCSMX_NEW/etc/uvm-1.1/comps/uvm_subscriber.svh'.
Back to file '/apps/synopsys/VCSMX_NEW/etc/uvm-1.1/comps/uvm_comps.svh'.
Parsing included file '/apps/synopsys/VCSMX_NEW/etc/uvm-1.1/comps/uvm_monitor.svh'.
Back to file '/apps/synopsys/VCSMX_NEW/etc/uvm-1.1/comps/uvm_comps.svh'.
Parsing included file '/apps/synopsys/VCSMX_NEW/etc/uvm-1.1/comps/uvm_driver.svh'.
Back to file '/apps/synopsys/VCSMX_NEW/etc/uvm-1.1/comps/uvm_comps.svh'.
Parsing included file '/apps/synopsys/VCSMX_NEW/etc/uvm-1.1/comps/uvm_push_driver.svh'.
Back to file '/apps/synopsys/VCSMX_NEW/etc/uvm-1.1/comps/uvm_comps.svh'.
Parsing included file '/apps/synopsys/VCSMX_NEW/etc/uvm-1.1/comps/uvm_scoreboard.svh'.
Back to file '/apps/synopsys/VCSMX_NEW/etc/uvm-1.1/comps/uvm_comps.svh'.
Parsing included file '/apps/synopsys/VCSMX_NEW/etc/uvm-1.1/comps/uvm_agent.svh'.
Back to file '/apps/synopsys/VCSMX_NEW/etc/uvm-1.1/comps/uvm_comps.svh'.
Parsing included file '/apps/synopsys/VCSMX_NEW/etc/uvm-1.1/comps/uvm_env.svh'.
Back to file '/apps/synopsys/VCSMX_NEW/etc/uvm-1.1/comps/uvm_comps.svh'.
Parsing included file '/apps/synopsys/VCSMX_NEW/etc/uvm-1.1/comps/uvm_test.svh'.
Back to file '/apps/synopsys/VCSMX_NEW/etc/uvm-1.1/comps/uvm_comps.svh'.
Back to file '/apps/synopsys/VCSMX_NEW/etc/uvm-1.1/uvm_pkg.sv'.
Parsing included file '/apps/synopsys/VCSMX_NEW/etc/uvm-1.1/seq/uvm_seq.svh'.
Parsing included file '/apps/synopsys/VCSMX_NEW/etc/uvm-1.1/seq/uvm_sequence_item.svh'.
Back to file '/apps/synopsys/VCSMX_NEW/etc/uvm-1.1/seq/uvm_seq.svh'.
Parsing included file '/apps/synopsys/VCSMX_NEW/etc/uvm-1.1/seq/uvm_sequencer_base.svh'.
Back to file '/apps/synopsys/VCSMX_NEW/etc/uvm-1.1/seq/uvm_seq.svh'.
Parsing included file '/apps/synopsys/VCSMX_NEW/etc/uvm-1.1/seq/uvm_sequencer_analysis_fifo.svh'.
Back to file '/apps/synopsys/VCSMX_NEW/etc/uvm-1.1/seq/uvm_seq.svh'.
Parsing included file '/apps/synopsys/VCSMX_NEW/etc/uvm-1.1/seq/uvm_sequencer_param_base.svh'.
Back to file '/apps/synopsys/VCSMX_NEW/etc/uvm-1.1/seq/uvm_seq.svh'.
Parsing included file '/apps/synopsys/VCSMX_NEW/etc/uvm-1.1/seq/uvm_sequencer.svh'.
Back to file '/apps/synopsys/VCSMX_NEW/etc/uvm-1.1/seq/uvm_seq.svh'.
Parsing included file '/apps/synopsys/VCSMX_NEW/etc/uvm-1.1/seq/uvm_push_sequencer.svh'.
Back to file '/apps/synopsys/VCSMX_NEW/etc/uvm-1.1/seq/uvm_seq.svh'.
Parsing included file '/apps/synopsys/VCSMX_NEW/etc/uvm-1.1/seq/uvm_sequence_base.svh'.
Back to file '/apps/synopsys/VCSMX_NEW/etc/uvm-1.1/seq/uvm_seq.svh'.
Parsing included file '/apps/synopsys/VCSMX_NEW/etc/uvm-1.1/seq/uvm_sequence.svh'.
Back to file '/apps/synopsys/VCSMX_NEW/etc/uvm-1.1/seq/uvm_seq.svh'.
Parsing included file '/apps/synopsys/VCSMX_NEW/etc/uvm-1.1/seq/uvm_sequence_library.svh'.
Back to file '/apps/synopsys/VCSMX_NEW/etc/uvm-1.1/seq/uvm_seq.svh'.
Parsing included file '/apps/synopsys/VCSMX_NEW/etc/uvm-1.1/seq/uvm_sequence_builtin.svh'.
Back to file '/apps/synopsys/VCSMX_NEW/etc/uvm-1.1/seq/uvm_seq.svh'.
Back to file '/apps/synopsys/VCSMX_NEW/etc/uvm-1.1/uvm_pkg.sv'.
Parsing included file '/apps/synopsys/VCSMX_NEW/etc/uvm-1.1/tlm2/uvm_tlm2.svh'.
Parsing included file '/apps/synopsys/VCSMX_NEW/etc/uvm-1.1/tlm2/uvm_tlm2_defines.svh'.
Back to file '/apps/synopsys/VCSMX_NEW/etc/uvm-1.1/tlm2/uvm_tlm2.svh'.
Parsing included file '/apps/synopsys/VCSMX_NEW/etc/uvm-1.1/tlm2/uvm_tlm2_time.svh'.
Back to file '/apps/synopsys/VCSMX_NEW/etc/uvm-1.1/tlm2/uvm_tlm2.svh'.
Parsing included file '/apps/synopsys/VCSMX_NEW/etc/uvm-1.1/tlm2/uvm_tlm2_generic_payload.svh'.
Back to file '/apps/synopsys/VCSMX_NEW/etc/uvm-1.1/tlm2/uvm_tlm2.svh'.
Parsing included file '/apps/synopsys/VCSMX_NEW/etc/uvm-1.1/tlm2/uvm_tlm2_ifs.svh'.
Back to file '/apps/synopsys/VCSMX_NEW/etc/uvm-1.1/tlm2/uvm_tlm2.svh'.
Parsing included file '/apps/synopsys/VCSMX_NEW/etc/uvm-1.1/tlm2/uvm_tlm2_imps.svh'.
Back to file '/apps/synopsys/VCSMX_NEW/etc/uvm-1.1/tlm2/uvm_tlm2.svh'.
Parsing included file '/apps/synopsys/VCSMX_NEW/etc/uvm-1.1/tlm2/uvm_tlm2_ports.svh'.
Back to file '/apps/synopsys/VCSMX_NEW/etc/uvm-1.1/tlm2/uvm_tlm2.svh'.
Parsing included file '/apps/synopsys/VCSMX_NEW/etc/uvm-1.1/tlm2/uvm_tlm2_exports.svh'.
Back to file '/apps/synopsys/VCSMX_NEW/etc/uvm-1.1/tlm2/uvm_tlm2.svh'.
Parsing included file '/apps/synopsys/VCSMX_NEW/etc/uvm-1.1/tlm2/uvm_tlm2_sockets_base.svh'.
Back to file '/apps/synopsys/VCSMX_NEW/etc/uvm-1.1/tlm2/uvm_tlm2.svh'.
Parsing included file '/apps/synopsys/VCSMX_NEW/etc/uvm-1.1/tlm2/uvm_tlm2_sockets.svh'.
Back to file '/apps/synopsys/VCSMX_NEW/etc/uvm-1.1/tlm2/uvm_tlm2.svh'.
Back to file '/apps/synopsys/VCSMX_NEW/etc/uvm-1.1/uvm_pkg.sv'.
Parsing included file '/apps/synopsys/VCSMX_NEW/etc/uvm-1.1/reg/uvm_reg_model.svh'.
Parsing included file '/apps/synopsys/VCSMX_NEW/etc/uvm-1.1/reg/uvm_reg_item.svh'.
Back to file '/apps/synopsys/VCSMX_NEW/etc/uvm-1.1/reg/uvm_reg_model.svh'.
Parsing included file '/apps/synopsys/VCSMX_NEW/etc/uvm-1.1/reg/uvm_reg_adapter.svh'.
Back to file '/apps/synopsys/VCSMX_NEW/etc/uvm-1.1/reg/uvm_reg_model.svh'.
Parsing included file '/apps/synopsys/VCSMX_NEW/etc/uvm-1.1/reg/uvm_reg_predictor.svh'.
Back to file '/apps/synopsys/VCSMX_NEW/etc/uvm-1.1/reg/uvm_reg_model.svh'.
Parsing included file '/apps/synopsys/VCSMX_NEW/etc/uvm-1.1/reg/uvm_reg_sequence.svh'.
Back to file '/apps/synopsys/VCSMX_NEW/etc/uvm-1.1/reg/uvm_reg_model.svh'.
Parsing included file '/apps/synopsys/VCSMX_NEW/etc/uvm-1.1/reg/uvm_reg_cbs.svh'.
Back to file '/apps/synopsys/VCSMX_NEW/etc/uvm-1.1/reg/uvm_reg_model.svh'.
Parsing included file '/apps/synopsys/VCSMX_NEW/etc/uvm-1.1/reg/uvm_reg_backdoor.svh'.
Back to file '/apps/synopsys/VCSMX_NEW/etc/uvm-1.1/reg/uvm_reg_model.svh'.
Parsing included file '/apps/synopsys/VCSMX_NEW/etc/uvm-1.1/reg/uvm_reg_field.svh'.
Back to file '/apps/synopsys/VCSMX_NEW/etc/uvm-1.1/reg/uvm_reg_model.svh'.
Parsing included file '/apps/synopsys/VCSMX_NEW/etc/uvm-1.1/reg/uvm_vreg_field.svh'.
Back to file '/apps/synopsys/VCSMX_NEW/etc/uvm-1.1/reg/uvm_reg_model.svh'.
Parsing included file '/apps/synopsys/VCSMX_NEW/etc/uvm-1.1/reg/uvm_reg.svh'.
Back to file '/apps/synopsys/VCSMX_NEW/etc/uvm-1.1/reg/uvm_reg_model.svh'.
Parsing included file '/apps/synopsys/VCSMX_NEW/etc/uvm-1.1/reg/uvm_reg_indirect.svh'.
Back to file '/apps/synopsys/VCSMX_NEW/etc/uvm-1.1/reg/uvm_reg_model.svh'.
Parsing included file '/apps/synopsys/VCSMX_NEW/etc/uvm-1.1/reg/uvm_reg_fifo.svh'.
Back to file '/apps/synopsys/VCSMX_NEW/etc/uvm-1.1/reg/uvm_reg_model.svh'.
Parsing included file '/apps/synopsys/VCSMX_NEW/etc/uvm-1.1/reg/uvm_reg_file.svh'.
Back to file '/apps/synopsys/VCSMX_NEW/etc/uvm-1.1/reg/uvm_reg_model.svh'.
Parsing included file '/apps/synopsys/VCSMX_NEW/etc/uvm-1.1/reg/uvm_mem_mam.svh'.
Back to file '/apps/synopsys/VCSMX_NEW/etc/uvm-1.1/reg/uvm_reg_model.svh'.
Parsing included file '/apps/synopsys/VCSMX_NEW/etc/uvm-1.1/reg/uvm_vreg.svh'.
Back to file '/apps/synopsys/VCSMX_NEW/etc/uvm-1.1/reg/uvm_reg_model.svh'.
Parsing included file '/apps/synopsys/VCSMX_NEW/etc/uvm-1.1/reg/uvm_mem.svh'.
Back to file '/apps/synopsys/VCSMX_NEW/etc/uvm-1.1/reg/uvm_reg_model.svh'.
Parsing included file '/apps/synopsys/VCSMX_NEW/etc/uvm-1.1/reg/uvm_reg_map.svh'.
Back to file '/apps/synopsys/VCSMX_NEW/etc/uvm-1.1/reg/uvm_reg_model.svh'.
Parsing included file '/apps/synopsys/VCSMX_NEW/etc/uvm-1.1/reg/uvm_reg_block.svh'.
Back to file '/apps/synopsys/VCSMX_NEW/etc/uvm-1.1/reg/uvm_reg_model.svh'.
Parsing included file '/apps/synopsys/VCSMX_NEW/etc/uvm-1.1/reg/sequences/uvm_reg_hw_reset_seq.svh'.
Back to file '/apps/synopsys/VCSMX_NEW/etc/uvm-1.1/reg/uvm_reg_model.svh'.
Parsing included file '/apps/synopsys/VCSMX_NEW/etc/uvm-1.1/reg/sequences/uvm_reg_bit_bash_seq.svh'.
Back to file '/apps/synopsys/VCSMX_NEW/etc/uvm-1.1/reg/uvm_reg_model.svh'.
Parsing included file '/apps/synopsys/VCSMX_NEW/etc/uvm-1.1/reg/sequences/uvm_mem_walk_seq.svh'.
Back to file '/apps/synopsys/VCSMX_NEW/etc/uvm-1.1/reg/uvm_reg_model.svh'.
Parsing included file '/apps/synopsys/VCSMX_NEW/etc/uvm-1.1/reg/sequences/uvm_mem_access_seq.svh'.
Back to file '/apps/synopsys/VCSMX_NEW/etc/uvm-1.1/reg/uvm_reg_model.svh'.
Parsing included file '/apps/synopsys/VCSMX_NEW/etc/uvm-1.1/reg/sequences/uvm_reg_access_seq.svh'.
Back to file '/apps/synopsys/VCSMX_NEW/etc/uvm-1.1/reg/uvm_reg_model.svh'.
Parsing included file '/apps/synopsys/VCSMX_NEW/etc/uvm-1.1/reg/sequences/uvm_reg_mem_shared_access_seq.svh'.
Back to file '/apps/synopsys/VCSMX_NEW/etc/uvm-1.1/reg/uvm_reg_model.svh'.
Parsing included file '/apps/synopsys/VCSMX_NEW/etc/uvm-1.1/reg/sequences/uvm_reg_mem_built_in_seq.svh'.
Back to file '/apps/synopsys/VCSMX_NEW/etc/uvm-1.1/reg/uvm_reg_model.svh'.
Parsing included file '/apps/synopsys/VCSMX_NEW/etc/uvm-1.1/reg/sequences/uvm_reg_mem_hdl_paths_seq.svh'.
Back to file '/apps/synopsys/VCSMX_NEW/etc/uvm-1.1/reg/uvm_reg_model.svh'.
Parsing included file '/apps/synopsys/VCSMX_NEW/etc/uvm-1.1/reg/snps_uvm_reg_bank.svh'.
Back to file '/apps/synopsys/VCSMX_NEW/etc/uvm-1.1/reg/uvm_reg_model.svh'.
Back to file '/apps/synopsys/VCSMX_NEW/etc/uvm-1.1/uvm_pkg.sv'.
Parsing design file 'msgs_top.sv'
Parsing included file '/apps/synopsys/VCSMX_NEW/etc/uvm-1.1/uvm_macros.svh'.
Back to file 'msgs_top.sv'.
Parsing included file './../package/msgs_pkg.sv'.
Parsing included file './../test/msg_test.sv'.
Back to file './../package/msgs_pkg.sv'.
Back to file 'msgs_top.sv'.
Top Level Modules:
       msgs_top
TimeScale is 1 ns / 10 ps
Starting vcs inline pass...
4 modules and 0 UDP read.
	However, due to incremental compilation, no re-compilation is necessary.
rm -f _csrc*.so linux_scvhdl_*.so pre_vcsobj_*.so share_vcsobj_*.so
ld -m elf_i386 -shared -o .//../simv.daidir//_csrc0.so SIM_l.o 5NrI_d.o 5NrIB_d.o \

ld -m elf_i386 -shared -o .//../simv.daidir//pre_vcsobj_1_1.so --whole-archive pre_vcsobj_1_1.a \
--no-whole-archive
ld -m elf_i386 -shared -o .//../simv.daidir//pre_vcsobj_1_2.so --whole-archive pre_vcsobj_1_2.a \
--no-whole-archive
ld -m elf_i386 -shared -o .//../simv.daidir//pre_vcsobj_1_3.so --whole-archive pre_vcsobj_1_3.a \
--no-whole-archive
if [ -x ../simv ]; then chmod -x ../simv; fi
g++  -o ../simv  -m32 -m32   -Wl,-rpath-link=./ -Wl,-rpath='$ORIGIN'/simv.daidir/ \
-Wl,-rpath='$ORIGIN'/simv.daidir//scsim.db.dir  /apps/synopsys/VCSMX_NEW/linux/lib/vpdlogstub.o \
uvm_dpi.o  _csrc0.so  pre_vcsobj_1_1.so pre_vcsobj_1_2.so pre_vcsobj_1_3.so  rmapats_mop.o \
rmapats.o rmar.o           /apps/synopsys/VCSMX_NEW/linux/lib/libzerosoft_rt_stubs.so \
/apps/synopsys/VCSMX_NEW/linux/lib/libvirsim.so /apps/synopsys/VCSMX_NEW/linux/lib/librterrorinf.so \
/apps/synopsys/VCSMX_NEW/linux/lib/libsnpsmalloc.so    /apps/synopsys/VCSMX_NEW/linux/lib/libvcsnew.so \
/apps/synopsys/VCSMX_NEW/linux/lib/libuclinative.so   -Wl,-whole-archive /apps/synopsys/VCSMX_NEW/linux/lib/libvcsucli.so \
-Wl,-no-whole-archive       ./../simv.daidir/vc_hdrs.o    /apps/synopsys/VCSMX_NEW/linux/lib/vcs_save_restore_new.o \
/apps/synopsys/VCSMX_NEW/linux/lib/ctype-stubs_32.a -ldl  -lc -lm -lpthread -ldl \

../simv up to date
CPU time: 3.583 seconds to compile + .022 seconds to elab + .218 seconds to link
